<?xml version="1.0" encoding="UTF-8"?>
<!-- Generated by org.testng.reporters.JUnitReportReporter -->
<testsuite hostname="DESKTOP-065BF1N" failures="0" tests="4" name="api.test.UserTests2" time="20.106" errors="0" timestamp="2023-10-08T21:58:35 IST" skipped="0">
  <testcase classname="api.test.UserTests2" name="testPostUser" time="14.280"/>
  <system-out/>
  <testcase classname="api.test.UserTests2" name="testGetUserByName" time="1.389"/>
  <system-out/>
  <testcase classname="api.test.UserTests2" name="testUpdateUserByName" time="2.937"/>
  <system-out/>
  <testcase classname="api.test.UserTests2" name="testDeleteUserByName" time="1.500"/>
  <system-out/>
</testsuite> <!-- api.test.UserTests2 -->
