<?xml version="1.0" encoding="UTF-8"?>
<!-- Generated by org.testng.reporters.JUnitReportReporter -->
<testsuite hostname="DESKTOP-065BF1N" failures="0" tests="12" name="api.test.DDTests" time="31.284" errors="0" timestamp="2023-10-08T21:57:49 IST" skipped="0">
  <testcase classname="api.test.DDTests" name="testPostUser" time="1.408"/>
  <system-out/>
  <testcase classname="api.test.DDTests" name="testPostUser" time="1.431"/>
  <system-out/>
  <testcase classname="api.test.DDTests" name="testPostUser" time="1.442"/>
  <system-out/>
  <testcase classname="api.test.DDTests" name="testPostUser" time="1.377"/>
  <system-out/>
  <testcase classname="api.test.DDTests" name="testPostUser" time="1.412"/>
  <system-out/>
  <testcase classname="api.test.DDTests" name="testPostUser" time="15.641"/>
  <system-out/>
  <testcase classname="api.test.DDTests" name="testDeleteByUserName" time="1.411"/>
  <system-out/>
  <testcase classname="api.test.DDTests" name="testDeleteByUserName" time="1.386"/>
  <system-out/>
  <testcase classname="api.test.DDTests" name="testDeleteByUserName" time="1.373"/>
  <system-out/>
  <testcase classname="api.test.DDTests" name="testDeleteByUserName" time="1.531"/>
  <system-out/>
  <testcase classname="api.test.DDTests" name="testDeleteByUserName" time="1.404"/>
  <system-out/>
  <testcase classname="api.test.DDTests" name="testDeleteByUserName" time="1.468"/>
  <system-out/>
</testsuite> <!-- api.test.DDTests -->
