<?xml version="1.0" encoding="UTF-8"?>
<!-- Generated by org.testng.reporters.JUnitReportReporter -->
<testsuite hostname="DESKTOP-065BF1N" failures="0" tests="4" name="api.test.UserTests" time="19.668" errors="0" timestamp="2023-10-08T15:42:57 IST" skipped="0">
  <testcase classname="api.test.UserTests" name="testPostUser" time="14.244"/>
  <system-out/>
  <testcase classname="api.test.UserTests" name="testGetUserByName" time="1.401"/>
  <system-out/>
  <testcase classname="api.test.UserTests" name="testUpdateUserByName" time="2.660"/>
  <system-out/>
  <testcase classname="api.test.UserTests" name="testDeleteUserByName" time="1.363"/>
  <system-out/>
</testsuite> <!-- api.test.UserTests -->
