<?xml version="1.0" encoding="UTF-8"?>
<!-- Generated by org.testng.reporters.JUnitReportReporter -->
<testsuite hostname="DESKTOP-065BF1N" failures="0" tests="4" name="api.test.UserTests2" time="21.984" errors="0" timestamp="2023-10-11T23:05:27 IST" skipped="0">
  <testcase classname="api.test.UserTests2" name="testPostUser" time="15.327"/>
  <system-out/>
  <testcase classname="api.test.UserTests2" name="testGetUserByName" time="1.654"/>
  <system-out/>
  <testcase classname="api.test.UserTests2" name="testUpdateUserByName" time="3.373"/>
  <system-out/>
  <testcase classname="api.test.UserTests2" name="testDeleteUserByName" time="1.630"/>
  <system-out/>
</testsuite> <!-- api.test.UserTests2 -->
