<?xml version="1.0" encoding="UTF-8"?>
<!-- Generated by org.testng.reporters.JUnitReportReporter -->
<testsuite hostname="DESKTOP-065BF1N" failures="0" tests="4" name="api.test.UserTests2" time="19.756" errors="0" timestamp="2023-10-09T00:30:07 IST" skipped="0">
  <testcase classname="api.test.UserTests2" name="testPostUser" time="14.081"/>
  <system-out/>
  <testcase classname="api.test.UserTests2" name="testGetUserByName" time="1.401"/>
  <system-out/>
  <testcase classname="api.test.UserTests2" name="testUpdateUserByName" time="2.896"/>
  <system-out/>
  <testcase classname="api.test.UserTests2" name="testDeleteUserByName" time="1.378"/>
  <system-out/>
</testsuite> <!-- api.test.UserTests2 -->
