<?xml version="1.0" encoding="UTF-8"?>
<!-- Generated by org.testng.reporters.JUnitReportReporter -->
<testsuite hostname="DESKTOP-065BF1N" failures="0" tests="4" name="api.test.UserTests2" time="19.961" errors="0" timestamp="2023-10-10T22:44:34 IST" skipped="0">
  <testcase classname="api.test.UserTests2" name="testPostUser" time="14.187"/>
  <system-out/>
  <testcase classname="api.test.UserTests2" name="testGetUserByName" time="1.513"/>
  <system-out/>
  <testcase classname="api.test.UserTests2" name="testUpdateUserByName" time="2.881"/>
  <system-out/>
  <testcase classname="api.test.UserTests2" name="testDeleteUserByName" time="1.380"/>
  <system-out/>
</testsuite> <!-- api.test.UserTests2 -->
