<?xml version="1.0" encoding="UTF-8"?>
<!-- Generated by org.testng.reporters.JUnitReportReporter -->
<testsuite hostname="DESKTOP-065BF1N" failures="0" tests="4" name="api.test.UserTests2" time="20.306" errors="0" timestamp="2023-10-09T02:01:03 IST" skipped="0">
  <testcase classname="api.test.UserTests2" name="testPostUser" time="14.421"/>
  <system-out/>
  <testcase classname="api.test.UserTests2" name="testGetUserByName" time="1.390"/>
  <system-out/>
  <testcase classname="api.test.UserTests2" name="testUpdateUserByName" time="2.999"/>
  <system-out/>
  <testcase classname="api.test.UserTests2" name="testDeleteUserByName" time="1.496"/>
  <system-out/>
</testsuite> <!-- api.test.UserTests2 -->
